<?xml version="1.0" encoding="UTF-8"?>
<!-- Generated by org.testng.reporters.JUnitReportReporter -->
<testsuite hostname="DESKTOP-0V21HAH" failures="0" tests="1" name="com.crm.qa.testCases.ContactsPageTest" time="20.707" errors="0" timestamp="09 Mar 2022 11:06:19 GMT" skipped="0">
  <testcase classname="com.crm.qa.testCases.ContactsPageTest" name="verifyContactsLabelTest" time="20.707"/>
</testsuite> <!-- com.crm.qa.testCases.ContactsPageTest -->
