<?xml version="1.0" encoding="UTF-8"?>
<!-- Generated by org.testng.reporters.JUnitReportReporter -->
<testsuite hostname="DESKTOP-0V21HAH" failures="0" tests="1" name="com.crm.qa.testCases.LoginPagetest" time="9.965" errors="0" timestamp="08 Mar 2022 10:18:43 GMT" skipped="0">
  <testcase classname="com.crm.qa.testCases.LoginPagetest" name="loginTest" time="9.965"/>
</testsuite> <!-- com.crm.qa.testCases.LoginPagetest -->
